commit c62bb7c48b88816cea7ea207a074f4644008769d
Merge: c685b74 1372b98
Author: Spencer Bull <spencerbull2554@gmail.com>
Date:   Thu Mar 23 21:20:15 2017 -0500

    Merge branch 'master' of github.com:bullapse/cs373-idb-music

commit c685b74968558e61c8b35f3ed0a047d0e2bbcd16
Author: Spencer Bull <spencerbull2554@gmail.com>
Date:   Thu Mar 23 21:20:10 2017 -0500

     add apiary doc

commit 1372b981f38252891d78400fad636e6bf19b67bf
Merge: 22bb44d 6b91e40
Author: Spencer Bull <sbull@cs.utexas.edu>
Date:   Thu Mar 23 21:10:05 2017 -0500

    Merge pull request #30 from bullapse/sbull_about_update
    
    update about page. Still needs an update for number of commits, but w…

commit 6b91e40ad8802b3303c41d5cc8a67a958d315a0f
Author: Spencer Bull <spencerbull2554@gmail.com>
Date:   Thu Mar 23 21:09:37 2017 -0500

    update about page. Still needs an update for number of commits, but we can just do that in master

commit 22bb44d290347f3245c10f77e53160c12498d9f2
Author: Sam Nguyen <tsnguyen@utexas.edu>
Date:   Thu Mar 23 20:39:17 2017 -0500

    fixed about page nav active issue

commit 277aade65fddd9af0c373e67210bc56bd821a20b
Merge: 6ef2814 de98c46
Author: Sam Nguyen <tsnguyen@utexas.edu>
Date:   Thu Mar 23 18:52:21 2017 -0500

    Merge branch 'master' of github.com:bullapse/cs373-idb-music

commit 6ef281493c2e3ea588979bb0565bbdc73c995cdb
Author: Sam Nguyen <tsnguyen@utexas.edu>
Date:   Thu Mar 23 18:52:10 2017 -0500

    changed about page name

commit de98c46062a343e6eb142f5f1531beacf65f9152
Merge: 0466b83 c28db7e
Author: Spencer Bull <sbull@cs.utexas.edu>
Date:   Thu Mar 23 18:49:18 2017 -0500

    Merge pull request #26 from bullapse/sbull_json
    
    add travis yaml and project json. Still need to update github SHA, bu…

commit c28db7ec4a781655d09fdf563a37f4f4f19d8ae4
Author: Spencer Bull <spencerbull2554@gmail.com>
Date:   Thu Mar 23 18:47:51 2017 -0500

    add travis yaml and project json. Still need to update github SHA, but we can do that in master

commit 0466b83a14147f86ee7c991f62737dd31e959890
Merge: b8256b0 d788dfd
Author: Sam Nguyen <tsnguyen@utexas.edu>
Date:   Thu Mar 23 18:38:56 2017 -0500

    Merge pull request #25 from bullapse/cam_dev
    
    Cam dev

commit d788dfd42857ea2c5a297013e432eef9d0f42e1f
Merge: 86bc0ca 410b632
Author: Cameron <cameron@wireless-10-146-139-120.public.utexas.edu>
Date:   Thu Mar 23 18:32:58 2017 -0500

    Merge branch 'cam_dev' of https://github.com/bullapse/cs373-idb-music into cam_dev

commit 86bc0ca0f58187dd3d705afee15fce6bf88a9fe6
Author: Cameron <cameron@wireless-10-146-139-120.public.utexas.edu>
Date:   Thu Mar 23 18:31:45 2017 -0500

    Added about page

commit b8256b09d888cc1d135d869c8698bca29ff5ba97
Merge: 61c0d1f 37bdb3d
Author: Sam Nguyen <tsnguyen@utexas.edu>
Date:   Thu Mar 23 18:28:50 2017 -0500

    Merge pull request #24 from bullapse/sam_dev
    
    added apiary blueprint

commit 37bdb3dee3392fbfd8222791345e6447e0c5d1f4
Author: Sam Nguyen <tsnguyen@utexas.edu>
Date:   Thu Mar 23 18:27:21 2017 -0500

    added apiary blueprint

commit 61c0d1f69140c61252fe4675c3e2f7fb5dbc7f16
Merge: e901df4 d5a9cc5
Author: Sam Nguyen <tsnguyen@utexas.edu>
Date:   Thu Mar 23 18:18:27 2017 -0500

    Merge pull request #22 from bullapse/sam_dev
    
    Sam dev

commit d5a9cc542c527b87cff236c2445c42e556cd8506
Author: Sam Nguyen <tsnguyen@utexas.edu>
Date:   Thu Mar 23 18:16:19 2017 -0500

    added UML model

commit e901df4ed4ebdf53f91a53e4782666362d3f1469
Merge: 64768c6 0d94316
Author: Spencer Bull <sbull@cs.utexas.edu>
Date:   Thu Mar 23 18:10:13 2017 -0500

    Merge pull request #23 from bullapse/sbull_add_jquery
    
    move scripts to static folder for flask

commit 0d94316d8cf893b20d2efe1b828984a3eaf87d21
Author: Spencer Bull <spencerbull2554@gmail.com>
Date:   Thu Mar 23 17:58:15 2017 -0500

    move scripts to static folder for flask

commit 410b632555ff1a6253013e4e1de9e911d104508c
Merge: d4f998f 64768c6
Author: Sam Nguyen <tsnguyen@utexas.edu>
Date:   Thu Mar 23 17:50:37 2017 -0500

    merged with master and updated albums

commit d27e0162dc0a13d2fe7099325bb02c39b4d4623e
Merge: d375d9b 64768c6
Author: Sam Nguyen <tsnguyen@utexas.edu>
Date:   Thu Mar 23 17:37:28 2017 -0500

    Merge branch 'master' into sam_dev

commit d375d9be0c59f950faf141eaff4e05b746d41265
Author: Sam Nguyen <tsnguyen@utexas.edu>
Date:   Thu Mar 23 17:36:59 2017 -0500

    added tests

commit 64768c661a50b754964f7beafbfc870b7756c7b7
Author: Spencer Bull <sbull@cs.utexas.edu>
Date:   Thu Mar 23 17:18:28 2017 -0500

    fix typo

commit 4044c8c511083271dfe7bbb7bae19afe6fb593dc
Merge: 502e6aa aebffd3
Author: Sam Nguyen <tsnguyen@utexas.edu>
Date:   Thu Mar 23 17:15:10 2017 -0500

    Merge pull request #21 from bullapse/sam_dev
    
    minor fix

commit aebffd35a83c90a444e18ed20fa7283f306526b1
Author: Sam Nguyen <tsnguyen@utexas.edu>
Date:   Thu Mar 23 17:14:23 2017 -0500

    minor fix

commit 502e6aa4c8c786ebcb7bf9865715c388fcee27fc
Merge: f686824 0cc8b8d
Author: Sam Nguyen <tsnguyen@utexas.edu>
Date:   Thu Mar 23 17:10:24 2017 -0500

    Merge pull request #20 from bullapse/sam_dev
    
    Sam dev

commit 0cc8b8def19aec97ad86d2b87eee574eef39a6b4
Author: Sam Nguyen <tsnguyen@utexas.edu>
Date:   Thu Mar 23 16:59:47 2017 -0500

    renamed to app.py

commit 9bdb7c6dc68831958e6766824ad17463375441a3
Author: Sam Nguyen <tsnguyen@utexas.edu>
Date:   Thu Mar 23 16:55:43 2017 -0500

    changed pages to new css

commit 5a372fe63cd72d22720b13e82763eaf45660bf68
Merge: 0520140 cbccc60
Author: Sam Nguyen <tsnguyen@utexas.edu>
Date:   Thu Mar 23 16:35:29 2017 -0500

    Merge branch 'hbao65-dev' into sam_dev

commit cbccc60680c6319756d4e7abd0e73470c4384cc1
Author: Hung <bao.hungqq@gmail.com>
Date:   Thu Mar 23 15:57:23 2017 -0500

    added hover

commit 389c2c4e92e283e855fcf12ea0958fc1963200e9
Author: Hung <bao.hungqq@gmail.com>
Date:   Thu Mar 23 15:43:05 2017 -0500

    fixed nav bar in index and artist.html

commit 868a07632ad92fb600cd9002fa086d5ebfb3096f
Author: Hung <bao.hungqq@gmail.com>
Date:   Thu Mar 23 15:40:51 2017 -0500

    finished artist page and css

commit 7a0104c0fc401e0cfefbcc54c11730f4c335146d
Author: Hung <bao.hungqq@gmail.com>
Date:   Thu Mar 23 13:17:32 2017 -0500

    added rotating background images and jquery script

commit 052014069936c85afdbd338dcbf6e6111656ac09
Author: Sam Nguyen <tsnguyen@utexas.edu>
Date:   Thu Mar 23 11:52:20 2017 -0500

    better?

commit d4f998fe14717b32520416d7d137ecd36ea21d15
Author: Cameron <cameron@wireless-10-147-202-38.public.utexas.edu>
Date:   Thu Mar 23 11:04:49 2017 -0500

    Added static data to Album page

commit a4862e9227f2ace1a866400bdff4b22d43942019
Author: Sam Nguyen <tsnguyen@utexas.edu>
Date:   Thu Mar 23 10:25:31 2017 -0500

    moved column sorting out to a js

commit ddbfe81d6ccfba7890628f948b6ad3be2a66c5fa
Author: Sam Nguyen <tsnguyen@utexas.edu>
Date:   Wed Mar 22 18:31:59 2017 -0500

    first go at tracks page

commit f6868249a72300b505cb6a4db124299ee613ca20
Author: Spencer Bull <sbull@cs.utexas.edu>
Date:   Wed Mar 22 15:39:24 2017 -0500

    Update index.html

commit ac307f0591e5e59946374ab851c9911b9e09b9a9
Merge: 7b72950 8a9b005
Author: Sam Nguyen <tsnguyen@utexas.edu>
Date:   Tue Mar 21 22:28:49 2017 -0500

    Merge pull request #12 from bullapse/sbull_pull_spotify_data
    
    add make file and functions to get data for our static HTML files

commit 7b7295078d016f8bb8bcb75ad6d57e6e84476dec
Merge: b931385 3244502
Author: Spencer Bull <sbull@cs.utexas.edu>
Date:   Tue Mar 21 22:26:07 2017 -0500

    Merge pull request #13 from bullapse/sam_dev
    
    wrote the file for declaring the model in the db

commit 8a9b005daa331826851fdd2106c691bb3c0a9f99
Author: Spencer Bull <spencerbull2554@gmail.com>
Date:   Tue Mar 21 22:19:49 2017 -0500

    add placeholder files and render them with flask

commit e617ded12ef6f3f1c37de6f593e1c3372621da61
Author: Spencer Bull <spencerbull2554@gmail.com>
Date:   Tue Mar 21 22:04:03 2017 -0500

    update css image files to static'

commit 6c9472af146744d653a84140eda95e7f5cd1c4ac
Author: Spencer Bull <spencerbull2554@gmail.com>
Date:   Tue Mar 21 22:01:08 2017 -0500

    update css file location

commit e6ddf7ff4e3e0b689f9d72aad56bc2d09745c412
Author: Spencer Bull <spencerbull2554@gmail.com>
Date:   Tue Mar 21 21:58:14 2017 -0500

    add lib

commit e46023a466be52dc4be9456a4b4181b6edff5d09
Author: Spencer Bull <spencerbull2554@gmail.com>
Date:   Tue Mar 21 21:53:34 2017 -0500

    add vendor

commit 5f96184ab2c54820b2312a96c77633a51d30f6a7
Author: Spencer Bull <spencerbull2554@gmail.com>
Date:   Tue Mar 21 21:51:24 2017 -0500

    update appengine_config to import vendor

commit 92791346815d0a1a091e9872f7e67f7f94a027b1
Author: Spencer Bull <spencerbull2554@gmail.com>
Date:   Tue Mar 21 21:48:09 2017 -0500

    update lib

commit 3244502ec33fae4008a441b42d97e3deac40ff79
Author: Sam Nguyen <tsnguyen@utexas.edu>
Date:   Tue Mar 21 21:41:45 2017 -0500

    renamed model file and removed other

commit 19a94b539d72cbcf325ae98c1f0de3670076a1bd
Author: Spencer Bull <spencerbull2554@gmail.com>
Date:   Tue Mar 21 21:36:13 2017 -0500

    update yaml

commit 2b2be99c05eb634b6637dbe5f0aec8f2e4be9f2c
Author: Spencer Bull <spencerbull2554@gmail.com>
Date:   Tue Mar 21 21:35:14 2017 -0500

    add requirements

commit 4ac749613ec28f8c3198d8864e1b9c3b1413324e
Author: Sam Nguyen <tsnguyen@utexas.edu>
Date:   Tue Mar 21 21:30:50 2017 -0500

    changed the attributes in the declaration

commit 4121abc625bdb0ed218ffcea6e8ae5c9cb6cab57
Author: Spencer Bull <spencerbull2554@gmail.com>
Date:   Tue Mar 21 21:30:39 2017 -0500

    remove unused file

commit a15778916c238aba57b04b1ed6e6ee425cf3bbb7
Author: Spencer Bull <spencerbull2554@gmail.com>
Date:   Tue Mar 21 21:23:28 2017 -0500

    updat eyaml

commit 99bd5ca323575971ec50ebdafa8def55c137406c
Author: Spencer Bull <spencerbull2554@gmail.com>
Date:   Tue Mar 21 21:21:39 2017 -0500

    remove libraries

commit 9894e8976fd9b5f19e0e6ecbdebdbad00f04d546
Author: Spencer Bull <spencerbull2554@gmail.com>
Date:   Tue Mar 21 21:20:52 2017 -0500

    update app.yaml

commit b26a36c7f070a8f7b4e5e6cfd8ed482003c0e5dd
Author: Spencer Bull <spencerbull2554@gmail.com>
Date:   Tue Mar 21 21:16:42 2017 -0500

    add flask add library

commit 7479ea57b6f77c625954a0c90ed92775d3d41105
Author: Spencer Bull <spencerbull2554@gmail.com>
Date:   Tue Mar 21 21:11:47 2017 -0500

    change file name

commit 670c271b2def835f4481d25cfd42050b7f35512a
Author: Spencer Bull <spencerbull2554@gmail.com>
Date:   Tue Mar 21 21:09:54 2017 -0500

    remove run for app engine

commit 52a035bfea461c3c2defe28b92ce991484f35ecb
Author: Spencer Bull <spencerbull2554@gmail.com>
Date:   Tue Mar 21 21:07:25 2017 -0500

    change port

commit 1e68fd16d4e461ca9f1144b59bcceb0ca63be37d
Author: Spencer Bull <spencerbull2554@gmail.com>
Date:   Tue Mar 21 21:02:06 2017 -0500

    setup init app and render html using flask

commit 58847ac8318abf3bf1cdc859d3b4060b9a96fb6e
Author: Sam Nguyen <tsnguyen@utexas.edu>
Date:   Tue Mar 21 20:53:24 2017 -0500

    added script to insert into db

commit 9fcc29a7d5ba6a50c8b2949bd7db2b276ce49ea2
Merge: f70b2a1 d9476e0
Author: Spencer Bull <spencerbull2554@gmail.com>
Date:   Tue Mar 21 20:23:45 2017 -0500

    Merge branch 'hqb65-frontend' of github.com:bullapse/cs373-idb-music into sbull_pull_spotify_data

commit d9476e09ac7fd058a36ac709a9b154cbf09d2055
Author: Hung <bao.hungqq@gmail.com>
Date:   Mon Mar 20 21:54:53 2017 -0500

    added background image and image files

commit f70b2a11d9361fb047e460e8938dd3e4493fd995
Author: Spencer Bull <spencerbull2554@gmail.com>
Date:   Mon Mar 20 21:42:23 2017 -0500

    add make file and functions to get data for our static HTML files

commit b03de9ac27496b50d90a575a803f71257347ca67
Author: Hung <bao.hungqq@gmail.com>
Date:   Mon Mar 20 21:18:03 2017 -0500

    basic front end set up

commit 39dbb2cedb45b08aa3964b516f75b476602deb53
Author: Sam Nguyen <tsnguyen@utexas.edu>
Date:   Mon Mar 20 21:16:31 2017 -0500

    wrote the file for declaring the model in the db

commit b931385cf64d36259dbdf7f9688fc0e15a3ed319
Author: Spencer Bull <sbull@cs.utexas.edu>
Date:   Thu Mar 9 10:16:14 2017 -0600

    Initial commit
